maria no se encuentra en el sistema
/home/maria no existe
--> Usario maria creado
maria no se encuentra en el sistema
/home/maria no existe
--> Usario maria creado
maria no se encuentra en el sistema
/home/maria no existe
--> Usario maria creado
maria no se encuentra en el sistema
/home/maria no existe
--> Usario maria creado
maria no se encuentra en el sistema
/home/maria no existe
--> Usario maria creado
maria no se encuentra en el sistema
/home/maria no existe
--> Usario maria creado
maria no se encuentra en el sistema
/home/maria no existe
--> Usario maria creado
maria no se encuentra en el sistema
/home/maria no existe
--> Usario maria creado
maria no se encuentra en el sistema
/home/maria no existe
--> Usario maria creado
maria no se encuentra en el sistema
/home/maria no existe
--> Usario maria creado
carmen no se encuentra en el sistema
/home/carmen no existe
--> Usario carmen creado
carmen no se encuentra en el sistema
/home/carmen no existe
--> Usario carmen creado
carmen no se encuentra en el sistema
/home/carmen no existe
--> Usario carmen creado
carmen no se encuentra en el sistema
/home/carmen no existe
--> Usario carmen creado
carmen no se encuentra en el sistema
/home/carmen no existe
--> Usario carmen creado
carmen no se encuentra en el sistema
/home/carmen no existe
--> Usario carmen creado
carmen no se encuentra en el sistema
/home/carmen no existe
--> Usario carmen creado
carmen no se encuentra en el sistema
/home/carmen no existe
--> Usario carmen creado
carmen no se encuentra en el sistema
/home/carmen no existe
--> Usario carmen creado
